<?xml version="1.0" encoding="UTF-8" standalone="yes"?><!DOCTYPE report PUBLIC "-//JACOCO//DTD Report 1.0//EN" "report.dtd"><report name="KarateAPI"><sessioninfo id="LAPTOP-MPPDB782-ef382101" start="1594695308220" dump="1594695362618"/><sessioninfo id="LAPTOP-MPPDB782-6e25e51b" start="1594695729752" dump="1594695779153"/><sessioninfo id="LAPTOP-MPPDB782-14a1b432" start="1594695983677" dump="1594696022601"/><sessioninfo id="LAPTOP-MPPDB782-5c84a3b4" start="1595771908647" dump="1595771953448"/></report>